{
  "started": "2026-07-16T03:30:02+00:00",
  "status": "updated",
  "changed": [
    "https://www.livingstonnj.org/m/newsflash/home/detail/3214",
    "https://www.livingstonnj.org/m/newsflash/home/detail/3204",
    "https://www.livingstonnj.org/m/newsflash/home/detail/3194",
    "https://www.livingstonnj.org/m/newsflash/home/detail/3131",
    "https://www.livingstonnj.org/m/newsflash/home/detail/3122",
    "https://www.livingstonnj.org/m/newsflash/home/detail/2041",
    "https://www.livingstonnj.org/m/newsflash/home/detail/3162",
    "https://www.livingstonnj.org/m/newsflash/home/detail/3160",
    "https://www.livingstonnj.org/m/newsflash/home/detail/2868",
    "https://www.livingstonnj.org/m/newsflash/home/detail/3048",
    "https://www.livingstonnj.org/m/newsflash/home/detail/3079",
    "https://www.livingstonnj.org/m/newsflash/home/detail/2047",
    "https://www.livingstonnj.org/m/newsflash/home/detail/2483",
    "https://www.livingstonnj.org/m/newsflash/home/detail/2046",
    "https://www.livingstonnj.org/m/newsflash/home/detail/3016",
    "https://www.livingstonnj.org/m/newsflash/home/detail/2979",
    "https://www.livingstonnj.org/m/newsflash/home/detail/3192",
    "https://www.livingstonnj.org/m/newsflash/home/detail/3205",
    "https://www.livingstonnj.org/m/newsflash/home/detail/3206",
    "https://www.livingstonnj.org/m/newsflash/home/detail/3147",
    "https://www.livingstonnj.org/m/newsflash/home/detail/3056",
    "https://www.livingstonnj.org/m/newsflash/home/detail/3015",
    "https://www.livingstonnj.org/DocumentCenter/View/25051/Fee-Schedule-91324-PDF?bidId=",
    "https://www.livingstonnj.org/DocumentCenter/View/12185/Township-Concrete-Sidewalks-Map-PDF?bidId=",
    "https://www.livingstonnj.org/DocumentCenter/View/11371/PO-terms-and-conditions-PDF?bidId=",
    "https://www.livingstonnj.org/DocumentCenter/View/11370/Payment-Policy-PDF?bidId=",
    "https://www.livingstonnj.org/m/faq?cat=16",
    "https://www.livingstonnj.org/DocumentCenter/View/352/Application-for-Fire-Permit-PDF?bidId=",
    "https://www.livingstonnj.org/DocumentCenter/View/643/Home-Improvement-Program-Temporarily-on-HOLD-PDF?bidId=",
    "https://www.livingstonnj.org/DocumentCenter/View/7705/Animal-Shelter-Adoption-Application-PDF?bidId=",
    "https://www.livingstonnj.org/m/faq?cat=21",
    "https://www.livingstonnj.org/m/faq?cat=15",
    "https://www.livingstonnj.org/m/faq?cat=43",
    "https://www.livingstonnj.org/DocumentCenter/View/9384/Printable-Recycling-Schedule-PDF?bidId=",
    "https://www.livingstonnj.org/DocumentCenter/View/533/Livingston-Recycling-Ordinance-PDF?bidId=",
    "https://www.livingstonnj.org/m/faq?cat=44",
    "https://www.livingstonnj.org/m/faq",
    "https://www.livingstonnj.org/DocumentCenter/View/402/Animal-License-Form-PDF?bidId=",
    "https://www.livingstonnj.org/DocumentCenter/View/34689/2026-Delay-in-Mailing-Water-Bills-PDF?bidId=",
    "https://www.livingstonnj.org/m/faq?cat=18",
    "https://livingstonnj.org/m/faq?cat=27",
    "https://www.livingstonnj.org/m/newsflash/home/detail/2437",
    "https://www.livingstonnj.org/m/newsflash/home/detail/2272",
    "https://www.livingstonnj.org/m/newsflash/home/detail/2226",
    "https://www.livingstonnj.org/m/newsflash/home/detail/2034",
    "https://www.livingstonnj.org/DocumentCenter/View/26261/NEW-OPRA-FORM-9_3_2024-Fillable-with-Cover-Sheet-PDF?bidId=",
    "https://www.livingstonnj.org/601/Livingston-Green-Team-Committee",
    "https://www.livingstonnj.org/1938/Pick-It-Up-Community-Clean-Up-Event",
    "https://www.livingstonnj.org/1041/Memorial-Day-Parade",
    "https://www.livingstonnj.org/686/Open-Space-Committee",
    "https://www.livingstonnj.org/689/Acquiring-Land",
    "https://www.livingstonnj.org/AgendaCenter/Planning-Board-2",
    "https://www.livingstonnj.org/DocumentCenter/Index/332",
    "https://www.livingstonnj.org/Archive.aspx?AMID=47",
    "https://www.livingstonnj.org/200/Technical-Review-Advisory-Committee-TRAC",
    "https://www.livingstonnj.org/698/Recycling-Reclamation-Committee",
    "https://www.livingstonnj.org/702/Bag-Initiative",
    "https://www.livingstonnj.org/704/Grasscycling",
    "https://www.livingstonnj.org/703/Recycling-Resources",
    "https://www.livingstonnj.org/592/Senior-Advisory-Committee",
    "https://www.livingstonnj.org/594/Technology-Committee",
    "https://www.livingstonnj.org/582/Trails-Greenways-Committee",
    "https://www.livingstonnj.org/1975/Action-Plans",
    "https://www.livingstonnj.org/DocumentCenter/View/12683/Livingston-Trail-Map-and-Brochure-PDF?bidId=",
    "https://www.livingstonnj.org/1892/Transportation-Committee-Advisory",
    "https://www.livingstonnj.org/1350/Community-Surveys",
    "https://www.livingstonnj.org/DocumentCenter/View/14574/Application-for-appointment-to-a-Township-Volunteer-Committee---Fillable-PDF?bidId=",
    "https://www.livingstonnj.org/DocumentCenter/Index/333",
    "https://www.livingstonnj.org/Archive.aspx?AMID=48",
    "https://www.livingstonnj.org/543/Healthy-Community-Healthy-Youth-Initiati",
    "https://www.livingstonnj.org/640/Livingston-Historical-Society",
    "https://www.livingstonnj.org/652/Force-Homestead-Museum",
    "https://www.livingstonnj.org/653/Historic-Ely-Cemetery",
    "https://www.livingstonnj.org/654/Historical-Society-Officers-Organization",
    "https://www.livingstonnj.org/684/Youth-Appreciation-Week",
    "https://livingstonnj.org/681/Community-Events",
    "https://livingstonnj.org/776/Summer-Camps",
    "https://livingstonnj.org/993/Tennis-Pickleball-Courts---Usage-Guideli",
    "https://www.livingstonnj.org/709/Lancer-Sport-Camps-SUMMER",
    "https://www.livingstonnj.org/m/newsflash",
    "https://www.livingstonnj.org/m/newsflash/Home/Detail/3131",
    "https://www.livingstonnj.org/m/newsflash/Home/Detail/3204",
    "https://www.livingstonnj.org/m/newsflash/Home/Detail/2041",
    "https://www.livingstonnj.org/m/newsflash/Home/Detail/3194",
    "https://www.livingstonnj.org/m/newsflash/Home/Detail/3048",
    "https://www.livingstonnj.org/DocumentCenter/View/35566/Heat-Wave-Safety-PDF?bidId=",
    "https://www.livingstonnj.org/m/newsflash/Home/Detail/3214",
    "https://livingstonnj.org/1350/Community-Surveys",
    "https://livingstonnj.org/FormCenter/Finance-5/eBill-Notification-AuthorizationCancella-94",
    "https://livingstonnj.org/1646/Register-for-My360-Portal",
    "https://www.livingstonnj.org/m/newsflash/Home/Detail/3079",
    "https://www.livingstonnj.org/m/newsflash/Home/Detail/2042",
    "https://www.livingstonnj.org/m/newsflash/Home/Detail/2226",
    "https://www.livingstonnj.org/m/newsflash/Home/Detail/3212",
    "https://www.livingstonnj.org/m/newsflash/Home/Detail/3166",
    "https://www.livingstonnj.org/m/newsflash/Home/Detail/3162"
  ],
  "pushed": false
}